2022-01-26 16:32:28,227:DEBUG:discord.client: on_ready has successfully been registered as an event
2022-01-26 16:32:28,227:INFO:discord.client: logging in using static token
2022-01-26 16:32:28,451:DEBUG:discord.http: GET https://discord.com/api/v7/users/@me with None has returned 200
2022-01-26 16:32:28,451:DEBUG:discord.http: GET https://discord.com/api/v7/users/@me has received {'id': '935695170798751794', 'username': 'Usotsuki Chan', 'avatar': 'd73cc81b77ca822c58305ca39805dcc0', 'discriminator': '5729', 'public_flags': 0, 'flags': 0, 'bot': True, 'banner': None, 'banner_color': None, 'accent_color': None, 'bio': '', 'locale': 'en-US', 'mfa_enabled': False, 'email': None, 'verified': True}
2022-01-26 16:32:28,481:DEBUG:discord.http: GET https://discord.com/api/v7/gateway with None has returned 200
2022-01-26 16:32:28,481:DEBUG:discord.http: GET https://discord.com/api/v7/gateway has received {'url': 'wss://gateway.discord.gg'}
2022-01-26 16:32:28,660:DEBUG:discord.gateway: Created websocket connected to wss://gateway.discord.gg?encoding=json&v=6&compress=zlib-stream
2022-01-26 16:32:28,661:DEBUG:discord.client: Dispatching event socket_raw_receive
2022-01-26 16:32:28,661:DEBUG:discord.gateway: For Shard ID None: WebSocket Event: {'t': None, 's': None, 'op': 10, 'd': {'heartbeat_interval': 41250, '_trace': ['["gateway-prd-main-0k83",{"micros":0.0}]']}}
2022-01-26 16:32:28,661:DEBUG:discord.client: Dispatching event socket_response
2022-01-26 16:32:28,661:DEBUG:discord.client: Dispatching event socket_raw_send
2022-01-26 16:32:28,661:DEBUG:discord.client: Dispatching event socket_raw_send
2022-01-26 16:32:28,662:INFO:discord.gateway: Shard ID None has sent the IDENTIFY payload.
2022-01-26 16:32:28,761:DEBUG:discord.client: Dispatching event socket_raw_receive
2022-01-26 16:32:28,761:DEBUG:discord.gateway: For Shard ID None: WebSocket Event: {'t': None, 's': None, 'op': 11, 'd': None}
2022-01-26 16:32:28,761:DEBUG:discord.client: Dispatching event socket_response
2022-01-26 16:32:28,840:DEBUG:discord.client: Dispatching event socket_raw_receive
2022-01-26 16:32:28,840:DEBUG:discord.gateway: For Shard ID None: WebSocket Event: {'t': 'READY', 's': 1, 'op': 0, 'd': {'v': 6, 'user_settings': {}, 'user': {'verified': True, 'username': 'Usotsuki Chan', 'mfa_enabled': False, 'id': '935695170798751794', 'flags': 0, 'email': None, 'discriminator': '5729', 'bot': True, 'avatar': 'd73cc81b77ca822c58305ca39805dcc0'}, 'session_id': 'fd09e317b004354c7cb782f8e373d566', 'relationships': [], 'private_channels': [], 'presences': [], 'guilds': [{'unavailable': True, 'id': '935710632987226113'}], 'guild_join_requests': [], 'geo_ordered_rtc_regions': ['seattle', 'us-west', 'santa-clara', 'us-south', 'us-central'], 'application': {'id': '935695170798751794', 'flags': 827392}, '_trace': ['["gateway-prd-main-0k83",{"micros":78645,"calls":["discord-sessions-green-prd-2-136",{"micros":77614,"calls":["start_session",{"micros":36437,"calls":["api-prd-main-zjfh",{"micros":31387,"calls":["get_user",{"micros":3081},"add_authorized_ip",{"micros":1571},"get_guilds",{"micros":5991},"coros_wait",{"micros":1}]}]},"guilds_connect",{"micros":1,"calls":[]},"presence_connect",{"micros":31785,"calls":[]}]}]}]']}}
2022-01-26 16:32:28,840:DEBUG:discord.client: Dispatching event socket_response
2022-01-26 16:32:28,840:INFO:discord.gateway: Shard ID None has connected to Gateway: ["gateway-prd-main-0k83",{"micros":78645,"calls":["discord-sessions-green-prd-2-136",{"micros":77614,"calls":["start_session",{"micros":36437,"calls":["api-prd-main-zjfh",{"micros":31387,"calls":["get_user",{"micros":3081},"add_authorized_ip",{"micros":1571},"get_guilds",{"micros":5991},"coros_wait",{"micros":1}]}]},"guilds_connect",{"micros":1,"calls":[]},"presence_connect",{"micros":31785,"calls":[]}]}]}] (Session ID: fd09e317b004354c7cb782f8e373d566).
2022-01-26 16:32:28,847:DEBUG:discord.client: Dispatching event connect
2022-01-26 16:32:28,847:DEBUG:discord.client: Dispatching event socket_raw_receive
2022-01-26 16:32:28,847:DEBUG:discord.gateway: For Shard ID None: WebSocket Event: {'t': 'GUILD_CREATE', 's': 2, 'op': 0, 'd': {'name': "miino's server", 'embedded_activities': [], 'premium_subscription_count': 0, 'system_channel_id': '935710633507311618', 'presences': [], 'description': None, 'vanity_url_code': None, 'member_count': 2, 'owner_id': '853301406278746122', 'nsfw': False, 'hub_type': None, 'banner': None, 'application_id': None, 'channels': [{'type': 4, 'position': 0, 'permission_overwrites': [], 'name': 'Text Channels', 'id': '935710633507311616'}, {'type': 4, 'position': 0, 'permission_overwrites': [], 'name': 'Voice Channels', 'id': '935710633507311617'}, {'type': 0, 'topic': None, 'rate_limit_per_user': 0, 'position': 0, 'permission_overwrites': [], 'parent_id': '935710633507311616', 'name': 'general', 'last_message_id': '936040303171887186', 'id': '935710633507311618'}, {'user_limit': 0, 'type': 2, 'rtc_region': None, 'rate_limit_per_user': 0, 'position': 0, 'permission_overwrites': [], 'parent_id': '935710633507311617', 'name': 'General', 'last_message_id': None, 'id': '935710633507311619', 'bitrate': 64000}], 'unavailable': False, 'max_video_channel_users': 25, 'stickers': [], 'voice_states': [], 'system_channel_flags': 0, 'roles': [{'unicode_emoji': None, 'position': 0, 'permissions_new': '1071698660929', 'permissions': 104320577, 'name': '@everyone', 'mentionable': False, 'managed': False, 'id': '935710632987226113', 'icon': None, 'hoist': False, 'color': 0}, {'unicode_emoji': None, 'tags': {'bot_id': '935695170798751794'}, 'position': 1, 'permissions_new': '8', 'permissions': 8, 'name': 'ysuiCyd', 'mentionable': False, 'managed': True, 'id': '935789521612701697', 'icon': None, 'hoist': False, 'color': 0}], 'max_members': 250000, 'icon': '1450163f7d64b553a7fc50fade20e9cc', 'emojis': [], 'splash': None, 'afk_channel_id': None, 'verification_level': 0, 'guild_hashes': {'version': 1, 'roles': {'omitted': False, 'hash': '2wZ43xQ+KQg'}, 'metadata': {'omitted': False, 'hash': 'Dhg1sC7wS1w'}, 'channels': {'omitted': False, 'hash': 'ybsJXN0DYeM'}}, 'preferred_locale': 'en-US', 'region': 'deprecated', 'members': [{'user': {'username': 'Usotsuki Chan', 'id': '935695170798751794', 'discriminator': '5729', 'bot': True, 'avatar': 'd73cc81b77ca822c58305ca39805dcc0'}, 'roles': ['935789521612701697'], 'mute': False, 'joined_at': '2022-01-26T06:53:28.129000+00:00', 'hoisted_role': None, 'deaf': False}], 'threads': [], 'public_updates_channel_id': None, 'stage_instances': [], 'lazy': True, 'features': [], 'application_command_counts': {'3': 0, '2': 0, '1': 0}, 'default_message_notifications': 0, 'application_command_count': 0, 'afk_timeout': 300, 'guild_scheduled_events': [], 'id': '935710632987226113', 'mfa_level': 0, 'explicit_content_filter': 0, 'nsfw_level': 0, 'large': False, 'joined_at': '2022-01-26T06:53:28.129000+00:00', 'premium_tier': 0, 'premium_progress_bar_enabled': False, 'rules_channel_id': None, 'discovery_splash': None}}
2022-01-26 16:32:28,847:DEBUG:discord.client: Dispatching event socket_response
2022-01-26 16:32:28,848:DEBUG:discord.client: Dispatching event socket_raw_send
2022-01-26 16:32:28,948:DEBUG:discord.client: Dispatching event socket_raw_receive
2022-01-26 16:32:28,948:DEBUG:discord.gateway: For Shard ID None: WebSocket Event: {'t': 'GUILD_MEMBERS_CHUNK', 's': 3, 'op': 0, 'd': {'nonce': 'd77ecad603f1df5e7c2fa1b73396c519', 'members': [{'user': {'username': 'miino', 'id': '853301406278746122', 'discriminator': '9359', 'avatar': '88a9ef60af6652687f33ea6a445313bf'}, 'roles': [], 'mute': False, 'joined_at': '2022-01-26T01:39:59.657000+00:00', 'hoisted_role': None, 'deaf': False}, {'user': {'username': 'Usotsuki Chan', 'id': '935695170798751794', 'discriminator': '5729', 'bot': True, 'avatar': 'd73cc81b77ca822c58305ca39805dcc0'}, 'roles': ['935789521612701697'], 'mute': False, 'joined_at': '2022-01-26T06:53:28.129000+00:00', 'hoisted_role': None, 'deaf': False}], 'guild_id': '935710632987226113', 'chunk_index': 0, 'chunk_count': 1}}
2022-01-26 16:32:28,948:DEBUG:discord.client: Dispatching event socket_response
2022-01-26 16:32:28,948:DEBUG:discord.state: Processed a chunk for 2 members in guild ID 935710632987226113.
2022-01-26 16:32:30,862:DEBUG:discord.client: Dispatching event guild_available
2022-01-26 16:32:30,862:DEBUG:discord.client: Dispatching event ready
2022-01-26 16:32:36,016:DEBUG:discord.client: Dispatching event socket_raw_receive
2022-01-26 16:32:36,016:DEBUG:discord.gateway: For Shard ID None: WebSocket Event: {'t': 'MESSAGE_CREATE', 's': 4, 'op': 0, 'd': {'type': 0, 'tts': False, 'timestamp': '2022-01-26T23:32:36.619000+00:00', 'referenced_message': None, 'pinned': False, 'nonce': '936040960624689152', 'mentions': [], 'mention_roles': [], 'mention_everyone': False, 'member': {'roles': [], 'mute': False, 'joined_at': '2022-01-26T01:39:59.657000+00:00', 'hoisted_role': None, 'deaf': False}, 'id': '936040964005429289', 'flags': 0, 'embeds': [], 'edited_timestamp': None, 'content': '!roll 2d4', 'components': [], 'channel_id': '935710633507311618', 'author': {'username': 'miino', 'public_flags': 0, 'id': '853301406278746122', 'discriminator': '9359', 'avatar': '88a9ef60af6652687f33ea6a445313bf'}, 'attachments': [], 'guild_id': '935710632987226113'}}
2022-01-26 16:32:36,016:DEBUG:discord.client: Dispatching event socket_response
2022-01-26 16:32:36,016:DEBUG:discord.client: Dispatching event message
2022-01-26 16:32:36,016:DEBUG:discord.client: Dispatching event command
2022-01-26 16:32:55,564:DEBUG:discord.client: Dispatching event socket_raw_receive
2022-01-26 16:32:55,564:DEBUG:discord.gateway: For Shard ID None: WebSocket Event: {'t': 'MESSAGE_CREATE', 's': 5, 'op': 0, 'd': {'type': 0, 'tts': False, 'timestamp': '2022-01-26T23:32:56.171000+00:00', 'referenced_message': None, 'pinned': False, 'mentions': [], 'mention_roles': [], 'mention_everyone': False, 'member': {'roles': ['935789521612701697'], 'mute': False, 'joined_at': '2022-01-26T06:53:28.129000+00:00', 'hoisted_role': None, 'deaf': False}, 'id': '936041046012493954', 'flags': 0, 'embeds': [], 'edited_timestamp': None, 'content': "I couldn't roll those numbers. Please list rolls in NdN format >__<''", 'components': [], 'channel_id': '935710633507311618', 'author': {'username': 'Usotsuki Chan', 'public_flags': 0, 'id': '935695170798751794', 'discriminator': '5729', 'bot': True, 'avatar': 'd73cc81b77ca822c58305ca39805dcc0'}, 'attachments': [], 'guild_id': '935710632987226113'}}
2022-01-26 16:32:55,564:DEBUG:discord.client: Dispatching event socket_response
2022-01-26 16:32:55,564:DEBUG:discord.client: Dispatching event message
2022-01-26 16:32:55,579:DEBUG:discord.http: POST https://discord.com/api/v7/channels/935710633507311618/messages with {"content":"I couldn't roll those numbers. Please list rolls in NdN format >__<''"} has returned 200
2022-01-26 16:32:55,579:DEBUG:discord.http: POST https://discord.com/api/v7/channels/935710633507311618/messages has received {'id': '936041046012493954', 'type': 0, 'content': "I couldn't roll those numbers. Please list rolls in NdN format >__<''", 'channel_id': '935710633507311618', 'author': {'id': '935695170798751794', 'username': 'Usotsuki Chan', 'avatar': 'd73cc81b77ca822c58305ca39805dcc0', 'discriminator': '5729', 'public_flags': 0, 'bot': True}, 'attachments': [], 'embeds': [], 'mentions': [], 'mention_roles': [], 'pinned': False, 'mention_everyone': False, 'tts': False, 'timestamp': '2022-01-26T23:32:56.171000+00:00', 'edited_timestamp': None, 'flags': 0, 'components': [], 'referenced_message': None}
2022-01-26 16:32:55,582:DEBUG:discord.client: Dispatching event command_completion
2022-01-26 16:32:55,901:INFO:discord.client: Received signal to terminate bot and event loop.
2022-01-26 16:32:55,901:INFO:discord.client: Cleaning up tasks.
2022-01-26 16:32:55,901:INFO:discord.client: Cleaning up after 1 tasks.
2022-01-26 16:32:55,901:INFO:discord.client: All tasks finished cancelling.
2022-01-26 16:32:55,901:INFO:discord.client: Closing the event loop.
